=== Merged Video Duration Debug Log ===
Merged at: 2025-09-04 18:05:32.638881
Format: [TIMESTAMP] RESOURCE_NAME | URL | RAW_HTML_ELEMENT | EXTRACTED_DURATION


--- From video_durations_debug_worker_1.log ---
=== Video Duration Debug Log - Worker 1 ===
Started: 2025-09-04 18:04:31.042898
Format: [TIMESTAMP] RESOURCE_NAME | URL | RAW_HTML_ELEMENT | EXTRACTED_DURATION

[18:04:46] Absolute and relative poverty | https://www.khanacademy.org/test-prep/mcat/social-inequality/social-class/v/absolute-and-relative-poverty | <span class="sr-only" data-testid="video-time-hidden">Current time:0:00Total duration:7:30</span> | 7.5 minutes
[18:04:55] Social reproduction | https://www.khanacademy.org/test-prep/mcat/social-inequality/social-class/v/social-reproduction | <span class="sr-only" data-testid="video-time-hidden">Current time:0:00Total duration:5:12</span> | 5.2 minutes
[18:05:06] Social exclusion (segregation and social isolation) | https://www.khanacademy.org/test-prep/mcat/social-inequality/social-class/v/social-exclusion-segregation-and-social-isolation | <span class="sr-only" data-testid="video-time-hidden">Current time:0:00Total duration:6:19</span> | 6.3 minutes

--- From video_durations_debug_worker_0.log ---
=== Video Duration Debug Log - Worker 0 ===
Started: 2025-09-04 18:04:30.891134
Format: [TIMESTAMP] RESOURCE_NAME | URL | RAW_HTML_ELEMENT | EXTRACTED_DURATION

[18:04:48] Overview of social inequality | https://www.khanacademy.org/test-prep/mcat/social-inequality/social-class/v/overview-of-social-inequality | <span class="sr-only" data-testid="video-time-hidden">Current time:0:00Total duration:3:57</span> | 4.0 minutes
[18:04:59] Upward and downward mobility, meritocracy | https://www.khanacademy.org/test-prep/mcat/social-inequality/social-class/v/upward-and-downward-mobility-meritocracy | <span class="sr-only" data-testid="video-time-hidden">Current time:0:00Total duration:6:36</span> | 6.6 minutes
[18:05:12] Intergenerational and intragenerational mobility social mobility | https://www.khanacademy.org/test-prep/mcat/social-inequality/social-class/v/intergenerational-and-intragenerational-mobility-social-mobility | <span class="sr-only" data-testid="video-time-hidden">Current time:0:00Total duration:3:32</span> | 3.5 minutes

--- From video_durations_debug_worker_2.log ---
=== Video Duration Debug Log - Worker 2 ===
Started: 2025-09-04 18:04:31.042486
Format: [TIMESTAMP] RESOURCE_NAME | URL | RAW_HTML_ELEMENT | EXTRACTED_DURATION

[18:04:46] Environmental justice | https://www.khanacademy.org/test-prep/mcat/social-inequality/social-class/v/environmental-justice | <span class="sr-only" data-testid="video-time-hidden">Current time:0:00Total duration:4:33</span> | 4.5 minutes
[18:04:55] Residential segregation | https://www.khanacademy.org/test-prep/mcat/social-inequality/social-class/v/residential-segregation | <span class="sr-only" data-testid="video-time-hidden">Current time:0:00Total duration:6:28</span> | 6.5 minutes
[18:05:06] Global inequality | https://www.khanacademy.org/test-prep/mcat/social-inequality/social-class/v/global-inequality | <span class="sr-only" data-testid="video-time-hidden">Current time:0:00Total duration:6:00</span> | 6.0 minutes

--- From video_durations_debug_worker_3.log ---
=== Video Duration Debug Log - Worker 3 ===
Started: 2025-09-04 18:04:31.045858
Format: [TIMESTAMP] RESOURCE_NAME | URL | RAW_HTML_ELEMENT | EXTRACTED_DURATION

[18:04:46] Prejudice and discrimination based on race, ethnicity, power, social class, and prestige | https://www.khanacademy.org/test-prep/mcat/social-inequality/social-class/v/prejudice-and-discrimination-based-on-race-ethnicity-power-social-class-and-prestige | <span class="sr-only" data-testid="video-time-hidden">Current time:0:00Total duration:3:13</span> | 3.2 minutes
[18:04:58] Health and healthcare disparities in the US | https://www.khanacademy.org/test-prep/mcat/social-inequality/social-class/v/health-and-healthcare-disparities-in-the-us | <span class="sr-only" data-testid="video-time-hidden">Current time:0:00Total duration:4:01</span> | 4.0 minutes
[18:05:14] Intersectionality | https://www.khanacademy.org/test-prep/mcat/social-inequality/social-class/v/intersectionality | <span class="sr-only" data-testid="video-time-hidden">Current time:0:00Total duration:3:30</span> | 3.5 minutes
